{"name": "test_create", "status": "failed", "statusDetails": {"message": "AssertionError: assert 500 == 200\n +  where 500 = <Response [500]>.status_code", "trace": "def test_create():\n        print(\"create booking TC\")\n        url1 = \"https://restful-booker.herokuapp.com/booking\"\n        my_headers = {\"content-type\" : \"application/json\"}\n        my_json = {\n        \"firstname\": \"sik\",\n        \"lastname\": \"tyagi\",\n        \"totalprice\": 111,\n        \"depositpaid\": True,\n        \"bookingdates\": {\n            \"checkin\": \"2018-01-01\",\n            \"checkout\": \"2019-01-01\"\n        },\n        \"additionalneeds\": \"potatoe wedges\"\n    }\n        response = requests.post(url1, my_headers, my_json)\n    \n>       assert response.status_code == 200\nE       assert 500 == 200\nE        +  where 500 = <Response [500]>.status_code\n\ntest_requests\\test_create.py:24: AssertionError"}, "attachments": [{"name": "stdout", "source": "cc89f58f-e6bc-45a0-98cc-45e982e709c7-attachment.txt", "type": "text/plain"}], "start": 1703610209602, "stop": 1703610210684, "uuid": "53447b19-d8a5-47bc-9eab-116411ad3427", "historyId": "96eba77163e4f9d93f887920981f2430", "testCaseId": "96eba77163e4f9d93f887920981f2430", "fullName": "test_requests.test_create#test_create", "labels": [{"name": "parentSuite", "value": "test_requests"}, {"name": "suite", "value": "test_create"}, {"name": "host", "value": "DESKTOP-AV1ITA6"}, {"name": "thread", "value": "9660-MainThread"}, {"name": "framework", "value": "pytest"}, {"name": "language", "value": "cpython3"}, {"name": "package", "value": "test_requests.test_create"}]}