{"name": "test_get_url", "status": "failed", "statusDetails": {"message": "AssertionError: assert 404 == 200\n +  where 404 = <Response [404]>.status_code", "trace": "def test_get_url():\n        my_get = requests.get(\n            \"https://restful-booker.herokuapp.com/booking/1685\")  # this can also be written as id = 9 and then url\n>       assert my_get.status_code == 200\nE       assert 404 == 200\nE        +  where 404 = <Response [404]>.status_code\n\ntest_requests\\test_pyTest_no_assertion.py:19: AssertionError"}, "start": 1703780066304, "stop": 1703780067174, "uuid": "40a4e9ce-7cf8-447a-a6ba-48454bed9bcc", "historyId": "094a01cde2a9a1eae685aff977f2e160", "testCaseId": "094a01cde2a9a1eae685aff977f2e160", "fullName": "test_requests.test_pyTest_no_assertion#test_get_url", "labels": [{"name": "parentSuite", "value": "test_requests"}, {"name": "suite", "value": "test_pyTest_no_assertion"}, {"name": "host", "value": "DESKTOP-AV1ITA6"}, {"name": "thread", "value": "14140-MainThread"}, {"name": "framework", "value": "pytest"}, {"name": "language", "value": "cpython3"}, {"name": "package", "value": "test_requests.test_pyTest_no_assertion"}]}